<?xml version="1.0" encoding="utf-8"?><testsuites name="pytest tests"><testsuite name="pytest" errors="0" failures="0" skipped="0" tests="17" time="14.026" timestamp="2026-02-27T15:11:33.137548+00:00" hostname="agent-env-0c307625-b3c4-4fa3-bf9e-c4abd1a65e2e"><testcase classname="backend.tests.test_admin_orders.TestAdminOrdersList" name="test_get_orders_returns_paginated_list" time="1.015" /><testcase classname="backend.tests.test_admin_orders.TestAdminOrdersList" name="test_orders_have_required_fields" time="0.539" /><testcase classname="backend.tests.test_admin_orders.TestAdminOrdersList" name="test_status_counts_are_returned" time="0.582" /><testcase classname="backend.tests.test_admin_orders.TestAdminOrdersFilter" name="test_filter_by_status_paid" time="0.592" /><testcase classname="backend.tests.test_admin_orders.TestAdminOrdersFilter" name="test_filter_by_status_pending" time="0.559" /><testcase classname="backend.tests.test_admin_orders.TestAdminOrdersFilter" name="test_filter_by_status_shipped" time="0.584" /><testcase classname="backend.tests.test_admin_orders.TestAdminOrdersSearch" name="test_search_by_name" time="0.552" /><testcase classname="backend.tests.test_admin_orders.TestAdminOrdersSearch" name="test_search_by_email" time="0.615" /><testcase classname="backend.tests.test_admin_orders.TestAdminOrderDetail" name="test_get_order_detail_success" time="1.072" /><testcase classname="backend.tests.test_admin_orders.TestAdminOrderDetail" name="test_get_order_detail_includes_payment_info" time="1.017" /><testcase classname="backend.tests.test_admin_orders.TestAdminOrderDetail" name="test_get_order_detail_not_found" time="0.250" /><testcase classname="backend.tests.test_admin_orders.TestAdminOrderStatusUpdate" name="test_update_status_to_paid" time="1.184" /><testcase classname="backend.tests.test_admin_orders.TestAdminOrderStatusUpdate" name="test_update_status_invalid_status" time="0.719" /><testcase classname="backend.tests.test_admin_orders.TestAdminOrderTracking" name="test_add_tracking_code" time="0.988" /><testcase classname="backend.tests.test_admin_orders.TestAdminOrderTracking" name="test_tracking_code_updates_status_to_shipped" time="1.432" /><testcase classname="backend.tests.test_admin_orders.TestAdminOrdersPagination" name="test_pagination_returns_correct_page" time="1.113" /><testcase classname="backend.tests.test_admin_orders.TestAdminOrdersPagination" name="test_total_count_consistent" time="1.142" /></testsuite></testsuites>