<?xml version="1.0" encoding="utf-8"?><testsuites name="pytest tests"><testsuite name="pytest" errors="0" failures="0" skipped="0" tests="19" time="15.326" timestamp="2026-02-25T16:56:37.472827+00:00" hostname="agent-env-0c307625-b3c4-4fa3-bf9e-c4abd1a65e2e"><testcase classname="backend.tests.test_batch2_apis.TestEmailTemplatesAPI" name="test_get_all_templates" time="0.570" /><testcase classname="backend.tests.test_batch2_apis.TestEmailTemplatesAPI" name="test_get_available_variables" time="0.444" /><testcase classname="backend.tests.test_batch2_apis.TestEmailTemplatesAPI" name="test_create_template" time="0.288" /><testcase classname="backend.tests.test_batch2_apis.TestEmailTemplatesAPI" name="test_get_single_template" time="0.588" /><testcase classname="backend.tests.test_batch2_apis.TestEmailTemplatesAPI" name="test_update_template" time="0.731" /><testcase classname="backend.tests.test_batch2_apis.TestEmailTemplatesAPI" name="test_preview_template" time="0.733" /><testcase classname="backend.tests.test_batch2_apis.TestEmailTemplatesAPI" name="test_duplicate_template" time="0.950" /><testcase classname="backend.tests.test_batch2_apis.TestEmailTemplatesAPI" name="test_delete_template" time="1.400" /><testcase classname="backend.tests.test_batch2_apis.TestEmailTemplatesAPI" name="test_get_email_assets" time="0.131" /><testcase classname="backend.tests.test_batch2_apis.TestReviewsAPI" name="test_get_all_reviews_admin" time="0.347" /><testcase classname="backend.tests.test_batch2_apis.TestReviewsAPI" name="test_get_review_stats" time="0.368" /><testcase classname="backend.tests.test_batch2_apis.TestReviewsAPI" name="test_create_review" time="0.415" /><testcase classname="backend.tests.test_batch2_apis.TestReviewsAPI" name="test_update_review" time="0.678" /><testcase classname="backend.tests.test_batch2_apis.TestReviewsAPI" name="test_set_review_visibility" time="1.198" /><testcase classname="backend.tests.test_batch2_apis.TestReviewsAPI" name="test_bulk_delete_reviews" time="1.355" /><testcase classname="backend.tests.test_batch2_apis.TestReviewsAPI" name="test_delete_single_review" time="0.666" /><testcase classname="backend.tests.test_batch2_apis.TestProductPhotoMigration" name="test_migration_status" time="0.465" /><testcase classname="backend.tests.test_batch2_apis.TestProductPhotoMigration" name="test_product_images_use_supabase_urls" time="0.389" /><testcase classname="backend.tests.test_batch2_apis.TestReviewsCSVImportEndpoint" name="test_csv_import_endpoint_exists" time="3.543" /></testsuite></testsuites>