<?xml version="1.0" encoding="utf-8"?><testsuites name="pytest tests"><testsuite name="pytest" errors="0" failures="1" skipped="0" tests="19" time="14.206" timestamp="2026-02-25T16:55:44.508016+00:00" hostname="agent-env-0c307625-b3c4-4fa3-bf9e-c4abd1a65e2e"><testcase classname="backend.tests.test_batch2_apis.TestEmailTemplatesAPI" name="test_get_all_templates" time="0.656" /><testcase classname="backend.tests.test_batch2_apis.TestEmailTemplatesAPI" name="test_get_available_variables" time="0.206" /><testcase classname="backend.tests.test_batch2_apis.TestEmailTemplatesAPI" name="test_create_template" time="0.353" /><testcase classname="backend.tests.test_batch2_apis.TestEmailTemplatesAPI" name="test_get_single_template" time="0.693" /><testcase classname="backend.tests.test_batch2_apis.TestEmailTemplatesAPI" name="test_update_template" time="0.658" /><testcase classname="backend.tests.test_batch2_apis.TestEmailTemplatesAPI" name="test_preview_template" time="0.616" /><testcase classname="backend.tests.test_batch2_apis.TestEmailTemplatesAPI" name="test_duplicate_template" time="0.881" /><testcase classname="backend.tests.test_batch2_apis.TestEmailTemplatesAPI" name="test_delete_template" time="0.921" /><testcase classname="backend.tests.test_batch2_apis.TestEmailTemplatesAPI" name="test_get_email_assets" time="0.361"><failure message="AssertionError: Expected 200, got 500: {&quot;detail&quot;:&quot;{'message': 'invalid input syntax for type uuid: \&quot;assets\&quot;', 'code': '22P02', 'hint': None, 'details': None}&quot;}&#10;assert 500 == 200&#10; +  where 500 = &lt;Response [500]&gt;.status_code">backend/tests/test_batch2_apis.py:175: in test_get_email_assets
    assert response.status_code == 200, f"Expected 200, got {response.status_code}: {response.text}"
E   AssertionError: Expected 200, got 500: {"detail":"{'message': 'invalid input syntax for type uuid: \"assets\"', 'code': '22P02', 'hint': None, 'details': None}"}
E   assert 500 == 200
E    +  where 500 = &lt;Response [500]&gt;.status_code</failure></testcase><testcase classname="backend.tests.test_batch2_apis.TestReviewsAPI" name="test_get_all_reviews_admin" time="0.650" /><testcase classname="backend.tests.test_batch2_apis.TestReviewsAPI" name="test_get_review_stats" time="0.310" /><testcase classname="backend.tests.test_batch2_apis.TestReviewsAPI" name="test_create_review" time="0.303" /><testcase classname="backend.tests.test_batch2_apis.TestReviewsAPI" name="test_update_review" time="0.622" /><testcase classname="backend.tests.test_batch2_apis.TestReviewsAPI" name="test_set_review_visibility" time="0.980" /><testcase classname="backend.tests.test_batch2_apis.TestReviewsAPI" name="test_bulk_delete_reviews" time="1.229" /><testcase classname="backend.tests.test_batch2_apis.TestReviewsAPI" name="test_delete_single_review" time="0.598" /><testcase classname="backend.tests.test_batch2_apis.TestProductPhotoMigration" name="test_migration_status" time="0.381" /><testcase classname="backend.tests.test_batch2_apis.TestProductPhotoMigration" name="test_product_images_use_supabase_urls" time="0.487" /><testcase classname="backend.tests.test_batch2_apis.TestReviewsCSVImportEndpoint" name="test_csv_import_endpoint_exists" time="3.189" /></testsuite></testsuites>