<?xml version="1.0" encoding="utf-8"?><testsuites name="pytest tests"><testsuite name="pytest" errors="0" failures="1" skipped="0" tests="7" time="3.201" timestamp="2026-03-10T16:19:41.957373+00:00" hostname="agent-env-d54f298b-02ed-449f-a99c-74df27d879c2"><testcase classname="backend.tests.test_checkout_address_lookup.TestAddressLookupAPI" name="test_valid_amsterdam_address" time="0.727" /><testcase classname="backend.tests.test_checkout_address_lookup.TestAddressLookupAPI" name="test_invalid_postcode" time="0.575"><failure message="AssertionError: Expected found=False for invalid postcode, got {'found': True, 'straat': '1 juli-weg', 'stad': 'Maastricht', 'postcode': 'INVALID'}&#10;assert True == False&#10; +  where True = &lt;built-in method get of dict object at 0xfff3a20b44c0&gt;('found')&#10; +    where &lt;built-in method get of dict object at 0xfff3a20b44c0&gt; = {'found': True, 'postcode': 'INVALID', 'stad': 'Maastricht', 'straat': '1 juli-weg'}.get">backend/tests/test_checkout_address_lookup.py:47: in test_invalid_postcode
    assert data.get("found") == False, f"Expected found=False for invalid postcode, got {data}"
E   AssertionError: Expected found=False for invalid postcode, got {'found': True, 'straat': '1 juli-weg', 'stad': 'Maastricht', 'postcode': 'INVALID'}
E   assert True == False
E    +  where True = &lt;built-in method get of dict object at 0xfff3a20b44c0&gt;('found')
E    +    where &lt;built-in method get of dict object at 0xfff3a20b44c0&gt; = {'found': True, 'postcode': 'INVALID', 'stad': 'Maastricht', 'straat': '1 juli-weg'}.get</failure></testcase><testcase classname="backend.tests.test_checkout_address_lookup.TestAddressLookupAPI" name="test_den_haag_address" time="0.529" /><testcase classname="backend.tests.test_checkout_address_lookup.TestAddressLookupAPI" name="test_postcode_only_lookup" time="0.484" /><testcase classname="backend.tests.test_checkout_address_lookup.TestAddressLookupAPI" name="test_postcode_with_spaces" time="0.539" /><testcase classname="backend.tests.test_checkout_address_lookup.TestAddressLookupAPI" name="test_too_short_postcode" time="0.152" /><testcase classname="backend.tests.test_checkout_address_lookup.TestHealthEndpoint" name="test_health_check" time="0.115" /></testsuite></testsuites>