<?xml version="1.0" encoding="utf-8"?><testsuites name="pytest tests"><testsuite name="pytest" errors="0" failures="0" skipped="0" tests="15" time="10.303" timestamp="2026-05-17T23:10:55.337688+00:00" hostname="agent-env-cc1df5d6-96b8-4b8e-8287-9ec2c35a25ca"><testcase classname="backend.tests.test_digital_products" name="test_mollie_status_ok" time="0.579" /><testcase classname="backend.tests.test_digital_products" name="test_products_list_has_digital_products" time="0.626" /><testcase classname="backend.tests.test_digital_products" name="test_admin_list_requires_auth" time="0.115" /><testcase classname="backend.tests.test_digital_products" name="test_admin_list_files" time="1.978" /><testcase classname="backend.tests.test_digital_products" name="test_admin_entitlements_list" time="0.237" /><testcase classname="backend.tests.test_digital_products" name="test_admin_upload_pdf" time="0.348" /><testcase classname="backend.tests.test_digital_products" name="test_admin_upload_rejects_non_pdf" time="0.132" /><testcase classname="backend.tests.test_digital_products" name="test_admin_delete_uploaded" time="0.361" /><testcase classname="backend.tests.test_digital_products" name="test_info_unknown_token_404" time="0.221" /><testcase classname="backend.tests.test_digital_products" name="test_download_unknown_token_404" time="0.238" /><testcase classname="backend.tests.test_digital_products" name="test_info_endpoint_returns_metadata" time="1.192" /><testcase classname="backend.tests.test_digital_products" name="test_download_increments_counter" time="1.964" /><testcase classname="backend.tests.test_digital_products" name="test_download_expired_returns_410" time="0.481" /><testcase classname="backend.tests.test_digital_products" name="test_create_entitlements_helper" time="1.286" /><testcase classname="backend.tests.test_digital_products" name="test_zzz_cleanup_test_entitlements" time="0.480" /></testsuite></testsuites>