<?xml version="1.0" encoding="utf-8"?><testsuites name="pytest tests"><testsuite name="pytest" errors="0" failures="0" skipped="0" tests="10" time="4.436" timestamp="2026-05-18T08:59:44.959568+00:00" hostname="agent-env-5627c0f3-fba3-4682-b528-a4a26712e572"><testcase classname="backend.tests.test_discount_codes_supabase" name="test_list_discount_codes_has_13_plus" time="0.373" /><testcase classname="backend.tests.test_discount_codes_supabase" name="test_create_discount_code" time="0.620" /><testcase classname="backend.tests.test_discount_codes_supabase" name="test_update_discount_code_min_order" time="0.453" /><testcase classname="backend.tests.test_discount_codes_supabase" name="test_validate_new_code_with_cart_total" time="0.230" /><testcase classname="backend.tests.test_discount_codes_supabase" name="test_validate_new_code_legacy_endpoint" time="0.219" /><testcase classname="backend.tests.test_discount_codes_supabase" name="test_validate_without_cart_total_defaults_zero_then_min_order_fails" time="0.222" /><testcase classname="backend.tests.test_discount_codes_supabase" name="test_validate_invalid_code" time="0.214" /><testcase classname="backend.tests.test_discount_codes_supabase" name="test_delete_discount_code_and_verify_removed_on_both_endpoints" time="0.982" /><testcase classname="backend.tests.test_discount_codes_supabase" name="test_validate_existing_welkom10_percentage" time="0.727" /><testcase classname="backend.tests.test_discount_codes_supabase" name="test_products_has_15_with_5_digital" time="0.332" /></testsuite></testsuites>