<?xml version="1.0" encoding="utf-8"?><testsuites name="pytest tests"><testsuite name="pytest" errors="0" failures="0" skipped="0" tests="8" time="4.798" timestamp="2026-02-28T17:51:20.408561+00:00" hostname="agent-env-d54f298b-02ed-449f-a99c-74df27d879c2"><testcase classname="backend.tests.test_gift_cards_supabase.TestGiftCardPurchase" name="test_purchase_gift_card_returns_checkout_url" time="1.892" /><testcase classname="backend.tests.test_gift_cards_supabase.TestGiftCardPurchase" name="test_purchase_gift_card_minimum_amount" time="1.480" /><testcase classname="backend.tests.test_gift_cards_supabase.TestGiftCardValidate" name="test_validate_active_gift_card_DV_TEST0001" time="0.249" /><testcase classname="backend.tests.test_gift_cards_supabase.TestGiftCardValidate" name="test_validate_invalid_gift_card_code" time="0.140" /><testcase classname="backend.tests.test_gift_cards_supabase.TestGiftCardValidate" name="test_validate_nonexistent_dv_code" time="0.263" /><testcase classname="backend.tests.test_gift_cards_supabase.TestDiscountValidateForGiftCards" name="test_discount_validate_gift_card_DV_TEST0001" time="0.287" /><testcase classname="backend.tests.test_gift_cards_supabase.TestDiscountValidateForGiftCards" name="test_discount_validate_nonexistent_gift_card" time="0.300" /><testcase classname="backend.tests.test_gift_cards_supabase.TestHealthAndConfig" name="test_api_health_check" time="0.123" /></testsuite></testsuites>