<?xml version="1.0" encoding="utf-8"?><testsuites name="pytest tests"><testsuite name="pytest" errors="0" failures="0" skipped="0" tests="28" time="30.852" timestamp="2026-05-14T16:51:54.274165+00:00" hostname="agent-env-cc1df5d6-96b8-4b8e-8287-9ec2c35a25ca"><testcase classname="backend.tests.test_inbox.TestDevIngest" name="test_ingest_raw_success" time="0.425" /><testcase classname="backend.tests.test_inbox.TestDevIngest" name="test_ingest_raw_dedup_message_id" time="0.430" /><testcase classname="backend.tests.test_inbox.TestFolders" name="test_folders_structure" time="1.098" /><testcase classname="backend.tests.test_inbox.TestList" name="test_list_inbox" time="0.267" /><testcase classname="backend.tests.test_inbox.TestList" name="test_list_invalid_folder" time="0.048" /><testcase classname="backend.tests.test_inbox.TestList" name="test_search_by_subject" time="0.267" /><testcase classname="backend.tests.test_inbox.TestList" name="test_search_no_match" time="0.267" /><testcase classname="backend.tests.test_inbox.TestGet" name="test_get_single" time="0.161" /><testcase classname="backend.tests.test_inbox.TestGet" name="test_get_404" time="0.167" /><testcase classname="backend.tests.test_inbox.TestPatch" name="test_mark_read" time="0.568" /><testcase classname="backend.tests.test_inbox.TestPatch" name="test_mark_unread" time="0.377" /><testcase classname="backend.tests.test_inbox.TestPatch" name="test_add_label" time="0.375" /><testcase classname="backend.tests.test_inbox.TestPatch" name="test_remove_label" time="0.757" /><testcase classname="backend.tests.test_inbox.TestPatch" name="test_set_folder" time="0.644" /><testcase classname="backend.tests.test_inbox.TestPatch" name="test_invalid_folder" time="0.250" /><testcase classname="backend.tests.test_inbox.TestWebhookAuth" name="test_webhook_no_token" time="0.048" /><testcase classname="backend.tests.test_inbox.TestWebhookAuth" name="test_webhook_wrong_token" time="0.175" /><testcase classname="backend.tests.test_inbox.TestWebhookAuth" name="test_webhook_valid_raw" time="0.352" /><testcase classname="backend.tests.test_inbox.TestWebhookAuth" name="test_webhook_valid_raw_b64" time="0.325" /><testcase classname="backend.tests.test_inbox.TestWebhookAuth" name="test_webhook_dedup" time="0.691" /><testcase classname="backend.tests.test_inbox.TestWebhookAuth" name="test_webhook_missing_body" time="0.158" /><testcase classname="backend.tests.test_inbox.TestDelete" name="test_soft_delete_moves_to_trash" time="0.747" /><testcase classname="backend.tests.test_inbox.TestDelete" name="test_second_delete_in_trash_purges" time="0.986" /><testcase classname="backend.tests.test_inbox.TestDelete" name="test_hard_delete_param" time="0.733" /><testcase classname="backend.tests.test_inbox.TestSend" name="test_reply_endpoint_structure" time="10.254" /><testcase classname="backend.tests.test_inbox.TestSend" name="test_reply_404_when_original_missing" time="0.161" /><testcase classname="backend.tests.test_inbox.TestSend" name="test_compose_endpoint_structure" time="9.974" /><testcase classname="backend.tests.test_inbox.TestSend" name="test_compose_validation_missing_to" time="0.052" /></testsuite></testsuites>