<?xml version="1.0" encoding="utf-8"?><testsuites name="pytest tests"><testsuite name="pytest" errors="0" failures="0" skipped="0" tests="8" time="9.980" timestamp="2026-06-01T13:43:54.996341+00:00" hostname="agent-env-6c9c8903-93ca-4f07-b4d3-eb5aff683973"><testcase classname="backend.tests.test_iteration32_new_features.TestAIDraft" name="test_ai_draft_returns_non_empty_text" time="5.634" /><testcase classname="backend.tests.test_iteration32_new_features.TestAIDraft" name="test_ai_draft_404_on_unknown" time="0.169" /><testcase classname="backend.tests.test_iteration32_new_features.TestAIDraft" name="test_ai_draft_requires_auth" time="0.150" /><testcase classname="backend.tests.test_iteration32_new_features.TestComposeAttachments" name="test_compose_with_attachment" time="0.681" /><testcase classname="backend.tests.test_iteration32_new_features.TestComposeAttachments" name="test_reply_with_attachment" time="0.739" /><testcase classname="backend.tests.test_iteration32_new_features.TestComposeAttachments" name="test_attachment_too_large_returns_413" time="0.856" /><testcase classname="backend.tests.test_iteration32_new_features.TestB2BResearchSignup" name="test_signup_public_no_auth" time="1.298" /><testcase classname="backend.tests.test_iteration32_new_features.TestB2BResearchSignup" name="test_signup_invalid_email_returns_400" time="0.399" /></testsuite></testsuites>