<?xml version="1.0" encoding="utf-8"?><testsuites name="pytest tests"><testsuite name="pytest" errors="0" failures="1" skipped="0" tests="13" time="11.946" timestamp="2026-02-27T12:16:56.758994+00:00" hostname="agent-env-0c307625-b3c4-4fa3-bf9e-c4abd1a65e2e"><testcase classname="backend.tests.test_iteration9_features.TestCartAndCheckout" name="test_checkout_started_endpoint_exists" time="0.259"><failure message="AssertionError: Checkout started failed: {&quot;detail&quot;:[{&quot;type&quot;:&quot;missing&quot;,&quot;loc&quot;:[&quot;body&quot;,&quot;customer_email&quot;],&quot;msg&quot;:&quot;Field required&quot;,&quot;input&quot;:{&quot;cart_items&quot;:[{&quot;name&quot;:&quot;Test Product&quot;,&quot;price&quot;:29.95,&quot;quantity&quot;:1}],&quot;total_amount&quot;:29.95,&quot;session_id&quot;:&quot;TEST_SESSION_123&quot;},&quot;url&quot;:&quot;https://errors.pydantic.dev/2.12/v/missing&quot;}]}&#10;assert 422 == 200&#10; +  where 422 = &lt;Response [422]&gt;.status_code">backend/tests/test_iteration9_features.py:59: in test_checkout_started_endpoint_exists
    assert response.status_code == 200, f"Checkout started failed: {response.text}"
E   AssertionError: Checkout started failed: {"detail":[{"type":"missing","loc":["body","customer_email"],"msg":"Field required","input":{"cart_items":[{"name":"Test Product","price":29.95,"quantity":1}],"total_amount":29.95,"session_id":"TEST_SESSION_123"},"url":"https://errors.pydantic.dev/2.12/v/missing"}]}
E   assert 422 == 200
E    +  where 422 = &lt;Response [422]&gt;.status_code</failure></testcase><testcase classname="backend.tests.test_iteration9_features.TestOrderCreation" name="test_create_order_endpoint" time="1.987" /><testcase classname="backend.tests.test_iteration9_features.TestOrderCreation" name="test_get_order_by_id" time="1.980" /><testcase classname="backend.tests.test_iteration9_features.TestAdminDashboard" name="test_dashboard_endpoint_returns_supabase_data" time="0.913" /><testcase classname="backend.tests.test_iteration9_features.TestAdminDashboard" name="test_dashboard_stats_structure" time="0.790" /><testcase classname="backend.tests.test_iteration9_features.TestAdminDashboard" name="test_dashboard_recent_orders_format" time="0.796" /><testcase classname="backend.tests.test_iteration9_features.TestAdminDashboard" name="test_dashboard_popular_products_format" time="0.796" /><testcase classname="backend.tests.test_iteration9_features.TestAdminDashboard" name="test_dashboard_with_days_parameter" time="2.198" /><testcase classname="backend.tests.test_iteration9_features.TestProductImages" name="test_product_images_are_supabase_urls" time="0.247" /><testcase classname="backend.tests.test_iteration9_features.TestEmailEndpoints" name="test_email_templates_endpoint_exists" time="0.304" /><testcase classname="backend.tests.test_iteration9_features.TestEmailEndpoints" name="test_test_email_endpoint_exists" time="1.386" /><testcase classname="backend.tests.test_iteration9_features.TestAdminLogin" name="test_admin_login_success" time="0.099" /><testcase classname="backend.tests.test_iteration9_features.TestAdminLogin" name="test_admin_login_failure_wrong_password" time="0.105" /></testsuite></testsuites>