<?xml version="1.0" encoding="utf-8"?><testsuites name="pytest tests"><testsuite name="pytest" errors="0" failures="0" skipped="0" tests="13" time="13.056" timestamp="2026-02-27T12:18:00.323192+00:00" hostname="agent-env-0c307625-b3c4-4fa3-bf9e-c4abd1a65e2e"><testcase classname="backend.tests.test_iteration9_features.TestCartAndCheckout" name="test_checkout_started_endpoint_exists" time="1.522" /><testcase classname="backend.tests.test_iteration9_features.TestOrderCreation" name="test_create_order_endpoint" time="1.721" /><testcase classname="backend.tests.test_iteration9_features.TestOrderCreation" name="test_get_order_by_id" time="1.997" /><testcase classname="backend.tests.test_iteration9_features.TestAdminDashboard" name="test_dashboard_endpoint_returns_supabase_data" time="0.972" /><testcase classname="backend.tests.test_iteration9_features.TestAdminDashboard" name="test_dashboard_stats_structure" time="0.783" /><testcase classname="backend.tests.test_iteration9_features.TestAdminDashboard" name="test_dashboard_recent_orders_format" time="0.809" /><testcase classname="backend.tests.test_iteration9_features.TestAdminDashboard" name="test_dashboard_popular_products_format" time="0.822" /><testcase classname="backend.tests.test_iteration9_features.TestAdminDashboard" name="test_dashboard_with_days_parameter" time="2.258" /><testcase classname="backend.tests.test_iteration9_features.TestProductImages" name="test_product_images_are_supabase_urls" time="0.262" /><testcase classname="backend.tests.test_iteration9_features.TestEmailEndpoints" name="test_email_templates_endpoint_exists" time="0.246" /><testcase classname="backend.tests.test_iteration9_features.TestEmailEndpoints" name="test_test_email_endpoint_exists" time="1.407" /><testcase classname="backend.tests.test_iteration9_features.TestAdminLogin" name="test_admin_login_success" time="0.104" /><testcase classname="backend.tests.test_iteration9_features.TestAdminLogin" name="test_admin_login_failure_wrong_password" time="0.101" /></testsuite></testsuites>