<?xml version="1.0" encoding="utf-8"?><testsuites name="pytest tests"><testsuite name="pytest" errors="0" failures="0" skipped="0" tests="11" time="10.054" timestamp="2026-03-10T20:54:28.856407+00:00" hostname="agent-env-88972a00-3aac-45ae-bd1e-eb7d04147244"><testcase classname="backend.tests.test_iteration17_payment_csv.TestHealthAndBasics" name="test_api_health" time="0.157" /><testcase classname="backend.tests.test_iteration17_payment_csv.TestCheckoutPaymentFlow" name="test_create_order_returns_order_id" time="2.108" /><testcase classname="backend.tests.test_iteration17_payment_csv.TestCheckoutPaymentFlow" name="test_create_payment_returns_checkout_url" time="3.678" /><testcase classname="backend.tests.test_iteration17_payment_csv.TestCSVImportAPI" name="test_csv_import_with_valid_emails" time="0.394" /><testcase classname="backend.tests.test_iteration17_payment_csv.TestCSVImportAPI" name="test_csv_import_with_invalid_emails" time="0.370" /><testcase classname="backend.tests.test_iteration17_payment_csv.TestCSVImportAPI" name="test_csv_import_deduplication" time="0.420" /><testcase classname="backend.tests.test_iteration17_payment_csv.TestCSVImportAPI" name="test_csv_import_rejects_non_csv" time="0.109" /><testcase classname="backend.tests.test_iteration17_payment_csv.TestCSVQueueAPI" name="test_get_queue_returns_imported_contacts" time="0.570" /><testcase classname="backend.tests.test_iteration17_payment_csv.TestCSVQueueAPI" name="test_get_queue_filter_by_source" time="0.866" /><testcase classname="backend.tests.test_iteration17_payment_csv.TestAdminLogin" name="test_admin_dev_login" time="0.125" /><testcase classname="backend.tests.test_iteration17_payment_csv.TestCleanup" name="test_cleanup_test_queue_entries" time="1.189" /></testsuite></testsuites>