<?xml version="1.0" encoding="utf-8"?><testsuites name="pytest tests"><testsuite name="pytest" errors="0" failures="0" skipped="0" tests="17" time="4.359" timestamp="2026-06-01T22:01:08.939709+00:00" hostname="agent-env-6c9c8903-93ca-4f07-b4d3-eb5aff683973"><testcase classname="backend.tests.test_iteration34_blog_cms.TestPublicCms" name="test_public_posts_returns_three" time="1.306" /><testcase classname="backend.tests.test_iteration34_blog_cms.TestPublicCms" name="test_public_post_detail[baby-knuffel-veilig-slapen-leeftijd]" time="0.220" /><testcase classname="backend.tests.test_iteration34_blog_cms.TestPublicCms" name="test_public_post_detail[droomvriendjes-mondriaan-samenwerking]" time="0.229" /><testcase classname="backend.tests.test_iteration34_blog_cms.TestPublicCms" name="test_public_post_detail[witte-ruis-white-noise-baby]" time="0.249" /><testcase classname="backend.tests.test_iteration34_blog_cms.TestAdminCms" name="test_admin_posts_returns_three" time="0.482" /><testcase classname="backend.tests.test_iteration34_blog_cms.TestAdminCms" name="test_admin_requires_auth" time="0.113" /><testcase classname="backend.tests.test_iteration34_blog_cms.TestSitemap" name="test_sitemap_xml_valid" time="0.491" /><testcase classname="backend.tests.test_iteration34_blog_cms.TestPremiumRoutes" name="test_premium_route_serves[5-tips-betere-nachtrust-kinderen]" time="0.105" /><testcase classname="backend.tests.test_iteration34_blog_cms.TestPremiumRoutes" name="test_premium_route_serves[hoe-helpen-kalmerende-knuffels-bij-stress]" time="0.117" /><testcase classname="backend.tests.test_iteration34_blog_cms.TestPremiumRoutes" name="test_premium_route_serves[waarom-huilt-baby-s-nachts]" time="0.106" /><testcase classname="backend.tests.test_iteration34_blog_cms.TestPremiumRoutes" name="test_premium_route_serves[verschil-verzwaringsknuffel-nachtlampje]" time="0.117" /><testcase classname="backend.tests.test_iteration34_blog_cms.TestPremiumRoutes" name="test_premium_route_serves[beste-slaapknuffel-2026]" time="0.136" /><testcase classname="backend.tests.test_iteration34_blog_cms.TestPremiumRoutes" name="test_premium_route_serves[slaapregressie-bij-kinderen]" time="0.122" /><testcase classname="backend.tests.test_iteration34_blog_cms.TestPremiumRoutes" name="test_premium_route_serves[avondroutine-kind-7-stappen]" time="0.153" /><testcase classname="backend.tests.test_iteration34_blog_cms.TestPremiumRoutes" name="test_migrated_route_serves[baby-knuffel-veilig-slapen-leeftijd]" time="0.116" /><testcase classname="backend.tests.test_iteration34_blog_cms.TestPremiumRoutes" name="test_migrated_route_serves[droomvriendjes-mondriaan-samenwerking]" time="0.117" /><testcase classname="backend.tests.test_iteration34_blog_cms.TestPremiumRoutes" name="test_migrated_route_serves[witte-ruis-white-noise-baby]" time="0.115" /></testsuite></testsuites>