<?xml version="1.0" encoding="utf-8"?><testsuites name="pytest tests"><testsuite name="pytest" errors="0" failures="0" skipped="0" tests="9" time="2.899" timestamp="2026-03-10T19:35:19.563383+00:00" hostname="agent-env-d54f298b-02ed-449f-a99c-74df27d879c2"><testcase classname="backend.tests.test_iteration16.TestAddressLookup" name="test_belgian_postcode_antwerpen" time="0.361" /><testcase classname="backend.tests.test_iteration16.TestAddressLookup" name="test_belgian_postcode_brussel" time="0.191" /><testcase classname="backend.tests.test_iteration16.TestAddressLookup" name="test_dutch_postcode_amsterdam" time="0.605" /><testcase classname="backend.tests.test_iteration16.TestFunnelTracking" name="test_track_product_view_event" time="0.269" /><testcase classname="backend.tests.test_iteration16.TestFunnelTracking" name="test_track_add_to_cart_event" time="0.244" /><testcase classname="backend.tests.test_iteration16.TestFunnelTracking" name="test_track_checkout_start_event" time="0.244" /><testcase classname="backend.tests.test_iteration16.TestFunnelStats" name="test_funnel_stats_returns_6_steps" time="0.392" /><testcase classname="backend.tests.test_iteration16.TestFunnelStats" name="test_funnel_stats_step_structure" time="0.360" /><testcase classname="backend.tests.test_iteration16.TestHealthCheck" name="test_api_health" time="0.172" /></testsuite></testsuites>