<?xml version="1.0" encoding="utf-8"?><testsuites name="pytest tests"><testsuite name="pytest" errors="0" failures="0" skipped="0" tests="12" time="4.430" timestamp="2026-03-10T22:05:36.036357+00:00" hostname="agent-env-88972a00-3aac-45ae-bd1e-eb7d04147244"><testcase classname="backend.tests.test_iteration19_email_marketing.TestHealthEndpoint" name="test_health_check" time="0.140" /><testcase classname="backend.tests.test_iteration19_email_marketing.TestEmailQueueAPIs" name="test_get_queue_stats" time="0.242" /><testcase classname="backend.tests.test_iteration19_email_marketing.TestEmailQueueAPIs" name="test_get_queue_items" time="0.489" /><testcase classname="backend.tests.test_iteration19_email_marketing.TestEmailQueueAPIs" name="test_get_queue_with_source_filter" time="0.519" /><testcase classname="backend.tests.test_iteration19_email_marketing.TestCSVImportAPI" name="test_import_valid_csv" time="0.380" /><testcase classname="backend.tests.test_iteration19_email_marketing.TestCSVImportAPI" name="test_import_csv_semicolon_delimiter" time="0.352" /><testcase classname="backend.tests.test_iteration19_email_marketing.TestCSVImportAPI" name="test_import_csv_firstname_lastname_columns" time="0.346" /><testcase classname="backend.tests.test_iteration19_email_marketing.TestCSVImportAPI" name="test_import_invalid_csv_extension" time="0.135" /><testcase classname="backend.tests.test_iteration19_email_marketing.TestCSVImportAPI" name="test_import_csv_with_invalid_emails" time="0.369" /><testcase classname="backend.tests.test_iteration19_email_marketing.TestAdminAuth" name="test_admin_login_success" time="0.145" /><testcase classname="backend.tests.test_iteration19_email_marketing.TestAdminAuth" name="test_admin_login_failure" time="0.098" /><testcase classname="backend.tests.test_iteration19_email_marketing.TestCleanup" name="test_cleanup_test_queue_items" time="1.146" /></testsuite></testsuites>