<?xml version="1.0" encoding="utf-8"?><testsuites name="pytest tests"><testsuite name="pytest" errors="0" failures="0" skipped="0" tests="4" time="1.912" timestamp="2026-06-02T22:20:13.617990+00:00" hostname="agent-env-6c9c8903-93ca-4f07-b4d3-eb5aff683973"><testcase classname="backend.tests.test_story_generator.TestStoryQuota" name="test_quota_structure" time="1.410" /><testcase classname="backend.tests.test_story_generator.TestStoryPreviewValidation" name="test_missing_name_returns_400" time="0.158" /><testcase classname="backend.tests.test_story_generator.TestStoryPreviewValidation" name="test_missing_theme_returns_400" time="0.143" /><testcase classname="backend.tests.test_story_generator.TestStoryPreviewValidation" name="test_missing_characters_returns_400" time="0.147" /></testsuite></testsuites>