<?xml version="1.0" encoding="utf-8"?><testsuites name="pytest tests"><testsuite name="pytest" errors="0" failures="1" skipped="0" tests="10" time="3.807" timestamp="2026-05-13T19:03:54.915697+00:00" hostname="agent-env-88972a00-3aac-45ae-bd1e-eb7d04147244"><testcase classname="backend.tests.test_iteration22_features.TestMollieHealthCheck" name="test_mollie_status_returns_json_with_status_field" time="0.469" /><testcase classname="backend.tests.test_iteration22_features.TestMollieHealthCheck" name="test_mollie_status_has_detail_on_error" time="0.338" /><testcase classname="backend.tests.test_iteration22_features.TestExpressCheckout" name="test_express_checkout_returns_503_when_mollie_unreachable" time="0.189" /><testcase classname="backend.tests.test_iteration22_features.TestExpressCheckout" name="test_express_checkout_requires_items" time="0.181" /><testcase classname="backend.tests.test_iteration22_features.TestSingleEmailImport" name="test_import_single_stores_valid_email" time="0.432" /><testcase classname="backend.tests.test_iteration22_features.TestSingleEmailImport" name="test_import_single_rejects_invalid_email" time="0.784" /><testcase classname="backend.tests.test_iteration22_features.TestSingleEmailImport" name="test_import_single_detects_duplicates" time="0.712" /><testcase classname="backend.tests.test_iteration22_features.TestSingleEmailImport" name="test_import_single_uses_popup_source" time="0.369" /><testcase classname="backend.tests.test_iteration22_features.TestProductsEndpoint" name="test_products_endpoint_returns_data" time="0.128"><failure message="assert 500 == 200&#10; +  where 500 = &lt;Response [500]&gt;.status_code">backend/tests/test_iteration22_features.py:160: in test_products_endpoint_returns_data
    assert response.status_code == 200
E   assert 500 == 200
E    +  where 500 = &lt;Response [500]&gt;.status_code</failure></testcase><testcase classname="backend.tests.test_iteration22_features.TestHealthEndpoint" name="test_api_health_returns_healthy" time="0.129" /></testsuite></testsuites>