<?xml version="1.0" encoding="utf-8"?><testsuites name="pytest tests"><testsuite name="pytest" errors="0" failures="0" skipped="1" tests="12" time="18.049" timestamp="2026-03-10T21:13:31.316670+00:00" hostname="agent-env-88972a00-3aac-45ae-bd1e-eb7d04147244"><testcase classname="backend.tests.test_iteration18_express_campaign.TestHealthCheck" name="test_api_health" time="0.294" /><testcase classname="backend.tests.test_iteration18_express_campaign.TestPaymentMethods" name="test_payment_with_ideal" time="3.034" /><testcase classname="backend.tests.test_iteration18_express_campaign.TestPaymentMethods" name="test_payment_with_applepay" time="2.561" /><testcase classname="backend.tests.test_iteration18_express_campaign.TestPaymentMethods" name="test_payment_with_googlepay" time="2.454"><skipped type="pytest.skip" message="Google Pay not configured in Mollie - expected in test mode">/app/backend/tests/test_iteration18_express_campaign.py:116: Google Pay not configured in Mollie - expected in test mode</skipped></testcase><testcase classname="backend.tests.test_iteration18_express_campaign.TestPaymentMethods" name="test_payment_with_paypal" time="3.962" /><testcase classname="backend.tests.test_iteration18_express_campaign.TestCSVImportAPI" name="test_csv_import_valid" time="0.399" /><testcase classname="backend.tests.test_iteration18_express_campaign.TestCampaignAPI" name="test_queue_stats" time="0.226" /><testcase classname="backend.tests.test_iteration18_express_campaign.TestCampaignAPI" name="test_send_campaign_requires_template" time="0.335" /><testcase classname="backend.tests.test_iteration18_express_campaign.TestCampaignAPI" name="test_send_campaign_with_valid_template" time="0.697" /><testcase classname="backend.tests.test_iteration18_express_campaign.TestCampaignAPI" name="test_campaign_progress_invalid_id" time="1.464" /><testcase classname="backend.tests.test_iteration18_express_campaign.TestEmailTemplates" name="test_get_templates" time="0.274" /><testcase classname="backend.tests.test_iteration18_express_campaign.TestCleanup" name="test_cleanup_test_queue" time="2.280" /></testsuite></testsuites>