<?xml version="1.0" encoding="utf-8"?><testsuites name="pytest tests"><testsuite name="pytest" errors="0" failures="0" skipped="0" tests="13" time="49.154" timestamp="2026-06-01T20:56:41.534080+00:00" hostname="agent-env-6c9c8903-93ca-4f07-b4d3-eb5aff683973"><testcase classname="backend.tests.test_iteration33_seo_ads_feed.TestSitemap" name="test_sitemap_xml_status" time="0.611" /><testcase classname="backend.tests.test_iteration33_seo_ads_feed.TestSitemap" name="test_sitemap_includes_blogs_and_products" time="0.445" /><testcase classname="backend.tests.test_iteration33_seo_ads_feed.TestAdsBuilder" name="test_generate_requires_auth" time="0.126" /><testcase classname="backend.tests.test_iteration33_seo_ads_feed.TestAdsBuilder" name="test_generate_campaign" time="32.856" /><testcase classname="backend.tests.test_iteration33_seo_ads_feed.TestAdsBuilder" name="test_export_csv" time="0.221" /><testcase classname="backend.tests.test_iteration33_seo_ads_feed.TestShoppingFeed" name="test_audit_requires_auth" time="0.119" /><testcase classname="backend.tests.test_iteration33_seo_ads_feed.TestShoppingFeed" name="test_audit_returns_summary" time="0.508" /><testcase classname="backend.tests.test_iteration33_seo_ads_feed.TestShoppingFeed" name="test_optimize_product_14" time="7.063" /><testcase classname="backend.tests.test_iteration33_seo_ads_feed.TestShoppingFeed" name="test_export_csv" time="0.469" /><testcase classname="backend.tests.test_iteration33_seo_ads_feed.TestShoppingFeed" name="test_export_xml" time="0.455" /><testcase classname="backend.tests.test_iteration33_seo_ads_feed.TestShoppingFeed" name="test_existing_google_shopping_feed_unchanged" time="0.297" /><testcase classname="backend.tests.test_iteration33_seo_ads_feed.TestOutreach" name="test_ai_draft_uses_keywords" time="5.906" /><testcase classname="backend.tests.test_iteration33_seo_ads_feed.TestOutreach" name="test_send_guardrails_constants_present" time="0.001" /></testsuite></testsuites>