<?xml version="1.0" encoding="utf-8"?><testsuites name="pytest tests"><testsuite name="pytest" errors="0" failures="0" skipped="0" tests="13" time="5.193" timestamp="2026-03-10T22:34:52.356525+00:00" hostname="agent-env-88972a00-3aac-45ae-bd1e-eb7d04147244"><testcase classname="backend.tests.test_iteration21_email_marketing.TestQueueStatsAPI" name="test_queue_stats_returns_sources" time="0.274" /><testcase classname="backend.tests.test_iteration21_email_marketing.TestQueueStatsAPI" name="test_queue_stats_has_per_source_counts" time="0.259" /><testcase classname="backend.tests.test_iteration21_email_marketing.TestQueueStatsAPI" name="test_queue_stats_includes_unsubscribed" time="0.269" /><testcase classname="backend.tests.test_iteration21_email_marketing.TestCSVImportAPI" name="test_import_uses_filename_as_source" time="0.663" /><testcase classname="backend.tests.test_iteration21_email_marketing.TestCSVImportAPI" name="test_import_handles_semicolon_delimiter" time="0.586" /><testcase classname="backend.tests.test_iteration21_email_marketing.TestCSVImportAPI" name="test_import_handles_street1_towncity_phone1_columns" time="0.589" /><testcase classname="backend.tests.test_iteration21_email_marketing.TestUnsubscribeFeature" name="test_unsubscribe_stats_endpoint" time="0.362" /><testcase classname="backend.tests.test_iteration21_email_marketing.TestUnsubscribeFeature" name="test_unsubscribe_invalid_token_returns_400" time="0.149" /><testcase classname="backend.tests.test_iteration21_email_marketing.TestQueueFilterAPI" name="test_queue_filter_by_source" time="0.529" /><testcase classname="backend.tests.test_iteration21_email_marketing.TestQueueFilterAPI" name="test_queue_returns_total_count" time="0.594" /><testcase classname="backend.tests.test_iteration21_email_marketing.TestAdminAuth" name="test_admin_dev_login" time="0.114" /><testcase classname="backend.tests.test_iteration21_email_marketing.TestEmailTemplates" name="test_list_templates" time="0.491" /><testcase classname="backend.tests.test_iteration21_email_marketing.TestHealthAndProducts" name="test_products_endpoint" time="0.245" /></testsuite></testsuites>