<?xml version="1.0" encoding="utf-8"?><testsuites name="pytest tests"><testsuite name="pytest" errors="0" failures="0" skipped="0" tests="12" time="3.031" timestamp="2026-03-10T22:15:34.667764+00:00" hostname="agent-env-88972a00-3aac-45ae-bd1e-eb7d04147244"><testcase classname="backend.tests.test_iteration20_unsubscribe.TestUnsubscribeFeature" name="test_health_check" time="0.214" /><testcase classname="backend.tests.test_iteration20_unsubscribe.TestUnsubscribeFeature" name="test_unsubscribe_stats_endpoint" time="0.367" /><testcase classname="backend.tests.test_iteration20_unsubscribe.TestUnsubscribeFeature" name="test_unsubscribe_already_unsubscribed_contact" time="0.414" /><testcase classname="backend.tests.test_iteration20_unsubscribe.TestUnsubscribeFeature" name="test_unsubscribe_invalid_token_returns_400" time="0.106" /><testcase classname="backend.tests.test_iteration20_unsubscribe.TestUnsubscribeFeature" name="test_unsubscribe_token_email_mismatch" time="0.105" /><testcase classname="backend.tests.test_iteration20_unsubscribe.TestUnsubscribeFeature" name="test_queue_stats_includes_unsubscribed_status" time="0.296" /><testcase classname="backend.tests.test_iteration20_unsubscribe.TestUnsubscribeFeature" name="test_queue_items_show_unsubscribed_status" time="0.494" /><testcase classname="backend.tests.test_iteration20_unsubscribe.TestUnsubscribeTokenGeneration" name="test_token_generation_matches_known_value" time="0.000" /><testcase classname="backend.tests.test_iteration20_unsubscribe.TestUnsubscribeTokenGeneration" name="test_token_generation_deterministic" time="0.000" /><testcase classname="backend.tests.test_iteration20_unsubscribe.TestUnsubscribeTokenGeneration" name="test_token_is_32_characters" time="0.000" /><testcase classname="backend.tests.test_iteration20_unsubscribe.TestUnsubscribeFrontendIntegration" name="test_unsubscribe_stats_for_dashboard" time="0.369" /><testcase classname="backend.tests.test_iteration20_unsubscribe.TestCampaignUnsubscribeIntegration" name="test_queue_pending_count_excludes_unsubscribed" time="0.600" /></testsuite></testsuites>