<?xml version="1.0" encoding="utf-8"?><testsuites name="pytest tests"><testsuite name="pytest" errors="0" failures="0" skipped="0" tests="19" time="9.338" timestamp="2026-05-14T17:28:12.072582+00:00" hostname="agent-env-cc1df5d6-96b8-4b8e-8287-9ec2c35a25ca"><testcase classname="backend.tests.test_phase3_admin_customers.TestAdminOrders" name="test_list_orders_returns_200_with_status_counts" time="1.009" /><testcase classname="backend.tests.test_phase3_admin_customers.TestAdminOrders" name="test_list_orders_has_existing_orders" time="0.486" /><testcase classname="backend.tests.test_phase3_admin_customers.TestAdminOrders" name="test_order_detail_with_items" time="0.915" /><testcase classname="backend.tests.test_phase3_admin_customers.TestAdminOrders" name="test_update_status_safe_columns" time="1.226" /><testcase classname="backend.tests.test_phase3_admin_customers.TestAdminOrders" name="test_update_status_invalid" time="0.617" /><testcase classname="backend.tests.test_phase3_admin_customers.TestAdminOrders" name="test_tracking_post_safe_columns" time="1.227" /><testcase classname="backend.tests.test_phase3_admin_customers.TestAdminCustomers" name="test_customers_requires_auth" time="0.117" /><testcase classname="backend.tests.test_phase3_admin_customers.TestAdminCustomers" name="test_customers_invalid_token" time="0.122" /><testcase classname="backend.tests.test_phase3_admin_customers.TestAdminCustomers" name="test_customers_list" time="0.262" /><testcase classname="backend.tests.test_phase3_admin_customers.TestAdminCustomers" name="test_customers_search_filter" time="0.240" /><testcase classname="backend.tests.test_phase3_admin_customers.TestAdminCustomers" name="test_customers_search_nomatch" time="0.250" /><testcase classname="backend.tests.test_phase3_admin_customers.TestAdminCustomers" name="test_customers_pagination" time="0.248" /><testcase classname="backend.tests.test_phase3_admin_customers.TestAdminCustomers" name="test_customer_detail_existing" time="0.510" /><testcase classname="backend.tests.test_phase3_admin_customers.TestAdminCustomers" name="test_customer_detail_unknown_returns_404" time="0.278" /><testcase classname="backend.tests.test_phase3_admin_customers.TestAdminCustomers" name="test_customer_detail_requires_auth" time="0.120" /><testcase classname="backend.tests.test_phase3_admin_customers.TestAdminCustomers" name="test_paid_orders_logic" time="0.784" /><testcase classname="backend.tests.test_phase3_admin_customers.TestRegressions" name="test_products_returns_ten" time="0.396" /><testcase classname="backend.tests.test_phase3_admin_customers.TestRegressions" name="test_inbox_requires_auth" time="0.117" /><testcase classname="backend.tests.test_phase3_admin_customers.TestRegressions" name="test_inbox_with_admin_token" time="0.328" /></testsuite></testsuites>