<?xml version="1.0" encoding="utf-8"?><testsuites name="pytest tests"><testsuite name="pytest" errors="0" failures="0" skipped="0" tests="13" time="4.846" timestamp="2026-02-25T16:31:39.225978+00:00" hostname="agent-env-0c307625-b3c4-4fa3-bf9e-c4abd1a65e2e"><testcase classname="backend.tests.test_product_editor_api.TestProductsAPI" name="test_get_all_products" time="0.441" /><testcase classname="backend.tests.test_product_editor_api.TestProductsAPI" name="test_get_single_product" time="0.297" /><testcase classname="backend.tests.test_product_editor_api.TestProductsAPI" name="test_get_product_advanced" time="0.405" /><testcase classname="backend.tests.test_product_editor_api.TestProductsAPI" name="test_get_product_image_info" time="0.296" /><testcase classname="backend.tests.test_product_editor_api.TestProductEditorUpdate" name="test_update_product_basic" time="0.321" /><testcase classname="backend.tests.test_product_editor_api.TestProductEditorUpdate" name="test_update_product_advanced" time="0.343" /><testcase classname="backend.tests.test_product_editor_api.TestPhotoEndpoints" name="test_photos_upload_validation" time="0.132" /><testcase classname="backend.tests.test_product_editor_api.TestPhotoEndpoints" name="test_photo_delete_validation" time="0.317" /><testcase classname="backend.tests.test_product_editor_api.TestPhotoEndpoints" name="test_photo_reorder_endpoint" time="0.840" /><testcase classname="backend.tests.test_product_editor_api.TestImageOverrideEndpoints" name="test_set_image_override" time="0.129" /><testcase classname="backend.tests.test_product_editor_api.TestImageOverrideEndpoints" name="test_delete_image_override" time="0.121" /><testcase classname="backend.tests.test_product_editor_api.TestDataIntegrity" name="test_gallery_structure" time="0.397" /><testcase classname="backend.tests.test_product_editor_api.TestDataIntegrity" name="test_product_required_fields" time="0.755" /></testsuite></testsuites>