<?xml version="1.0" encoding="utf-8"?><testsuites name="pytest tests"><testsuite name="pytest" errors="0" failures="0" skipped="0" tests="16" time="5.525" timestamp="2026-05-16T20:54:41.450043+00:00" hostname="agent-env-cc1df5d6-96b8-4b8e-8287-9ec2c35a25ca"><testcase classname="backend.tests.test_resend_email.TestConfig" name="test_resend_api_key_set" time="0.000" /><testcase classname="backend.tests.test_resend_email.TestConfig" name="test_resend_sdk_installed" time="0.073" /><testcase classname="backend.tests.test_resend_email.TestConfig" name="test_sender_is_resend_test" time="0.000" /><testcase classname="backend.tests.test_resend_email.TestInboxRegression" name="test_folders" time="0.986" /><testcase classname="backend.tests.test_resend_email.TestInboxRegression" name="test_list" time="0.276" /><testcase classname="backend.tests.test_resend_email.TestInboxRegression" name="test_get_seeded" time="0.440" /><testcase classname="backend.tests.test_resend_email.TestWebhook" name="test_webhook_ingest_still_works" time="0.282" /><testcase classname="backend.tests.test_resend_email.TestCompose" name="test_compose_to_verified_recipient_succeeds" time="0.545" /><testcase classname="backend.tests.test_resend_email.TestCompose" name="test_compose_to_unverified_returns_502_with_clear_error" time="0.223" /><testcase classname="backend.tests.test_resend_email.TestReplyThreading" name="test_reply_preserves_threading_headers" time="0.441" /><testcase classname="backend.tests.test_resend_email.TestSendEmailShim" name="test_resend_send_to_verified" time="0.161" /><testcase classname="backend.tests.test_resend_email.TestSendEmailShim" name="test_resend_send_to_unverified_returns_failure_without_raising" time="0.173" /><testcase classname="backend.tests.test_resend_email.TestSendEmailShim" name="test_no_smtplib_socket_opened" time="0.180" /><testcase classname="backend.tests.test_resend_email.TestAdminOrdersRegression" name="test_admin_orders_list" time="0.498" /><testcase classname="backend.tests.test_resend_email.TestAdminOrdersRegression" name="test_admin_customers_list" time="0.179" /><testcase classname="backend.tests.test_resend_email.TestAdminOrdersRegression" name="test_tracking_post_send_email_true_does_not_500" time="0.999" /></testsuite></testsuites>