<?xml version="1.0" encoding="utf-8"?><testsuites name="pytest tests"><testsuite name="pytest" errors="0" failures="0" skipped="0" tests="7" time="50.980" timestamp="2026-02-28T18:06:00.776891+00:00" hostname="agent-env-d54f298b-02ed-449f-a99c-74df27d879c2"><testcase classname="backend.tests.test_review_email_realtime.TestAdminLogin" name="test_admin_login_success" time="19.927" /><testcase classname="backend.tests.test_review_email_realtime.TestAdminLogin" name="test_admin_login_invalid_credentials" time="0.171" /><testcase classname="backend.tests.test_review_email_realtime.TestOrderStatusUpdate" name="test_status_validation_reject_invalid" time="12.461" /><testcase classname="backend.tests.test_review_email_realtime.TestOrderStatusUpdate" name="test_shipped_status_no_review_email" time="3.142" /><testcase classname="backend.tests.test_review_email_realtime.TestOrderStatusUpdate" name="test_delivered_status_triggers_review_email" time="10.057" /><testcase classname="backend.tests.test_review_email_realtime.TestOrderStatusValidStatuses" name="test_all_valid_statuses_accepted" time="5.037" /><testcase classname="backend.tests.test_review_email_realtime.TestHealthCheck" name="test_api_health" time="0.124" /></testsuite></testsuites>