<?xml version="1.0" encoding="utf-8"?><testsuites name="pytest tests"><testsuite name="pytest" errors="0" failures="0" skipped="0" tests="17" time="5.033" timestamp="2026-02-27T16:53:39.983330+00:00" hostname="agent-env-0c307625-b3c4-4fa3-bf9e-c4abd1a65e2e"><testcase classname="tests.test_reviews_iteration11.TestReviewsProductFiltering" name="test_get_schaapje_reviews_returns_only_schaapje" time="0.422" /><testcase classname="tests.test_reviews_iteration11.TestReviewsProductFiltering" name="test_get_eenhoorn_reviews_returns_only_eenhoorn" time="0.212" /><testcase classname="tests.test_reviews_iteration11.TestReviewsProductFiltering" name="test_different_products_have_different_reviews" time="0.484" /><testcase classname="tests.test_reviews_iteration11.TestReviewsProductFiltering" name="test_nonexistent_product_returns_empty_list" time="0.243" /><testcase classname="tests.test_reviews_iteration11.TestReviewsAdmin" name="test_admin_returns_all_reviews" time="0.260" /><testcase classname="tests.test_reviews_iteration11.TestReviewsAdmin" name="test_admin_reviews_have_required_fields" time="0.258" /><testcase classname="tests.test_reviews_iteration11.TestReviewsAdmin" name="test_admin_returns_hidden_reviews_too" time="0.205" /><testcase classname="tests.test_reviews_iteration11.TestReviewsStats" name="test_stats_returns_correct_format" time="0.255" /><testcase classname="tests.test_reviews_iteration11.TestReviewsStats" name="test_stats_has_correct_total" time="0.251" /><testcase classname="tests.test_reviews_iteration11.TestReviewsStats" name="test_stats_distribution_has_all_ratings" time="0.236" /><testcase classname="tests.test_reviews_iteration11.TestReviewsStats" name="test_stats_distribution_matches_expected" time="0.218" /><testcase classname="tests.test_reviews_iteration11.TestReviewsCRUD" name="test_create_review_with_product_id" time="0.235" /><testcase classname="tests.test_reviews_iteration11.TestReviewsCRUD" name="test_delete_review" time="0.396" /><testcase classname="tests.test_reviews_iteration11.TestReviewsVisibility" name="test_toggle_visibility" time="0.632" /><testcase classname="tests.test_reviews_iteration11.TestReviewsUnassigned" name="test_unassigned_returns_correct_format" time="0.240" /><testcase classname="tests.test_reviews_iteration11.TestReviewsUnassigned" name="test_unassigned_count_is_zero" time="0.201" /><testcase classname="tests.test_reviews_iteration11.TestReviewsPublicEndpoint" name="test_public_reviews_only_visible" time="0.205" /></testsuite></testsuites>